# JRE version: OpenJDK Runtime Environment (8.0_382-b05) (build 1.8.0_382-b05)
# Java VM: OpenJDK 64-Bit Server VM (25.382-b05 mixed mode windows-amd64 compressed oops)
Heap:
 PSYoungGen      total 126464K, used 110591K [0x00000000d6800000, 0x00000000e1c00000, 0x0000000100000000)
  eden space 112128K, 85% used [0x00000000d6800000,0x00000000dc6003a0,0x00000000dd580000)
  from space 14336K, 99% used [0x00000000df600000,0x00000000e03ff8f8,0x00000000e0400000)
  to   space 33280K, 0% used [0x00000000dd580000,0x00000000dd580000,0x00000000df600000)
 ParOldGen       total 81408K, used 51154K [0x0000000083800000, 0x0000000088780000, 0x00000000d6800000)
  object space 81408K, 62% used [0x0000000083800000,0x00000000869f4a18,0x0000000088780000)
 Metaspace       used 21748K, capacity 22028K, committed 22400K, reserved 1069056K
  class space    used 2750K, capacity 2854K, committed 2944K, reserved 1048576K
GC Heap History (10 events):
Event: 0.779 GC heap before
{Heap before GC invocations=3 (full 0):
 PSYoungGen      total 37888K, used 37874K [0x00000000d6800000, 0x00000000db200000, 0x0000000100000000)
  eden space 32768K, 100% used [0x00000000d6800000,0x00000000d8800000,0x00000000d8800000)
  from space 5120K, 99% used [0x00000000d8d00000,0x00000000d91fc810,0x00000000d9200000)
  to   space 5120K, 0% used [0x00000000d8800000,0x00000000d8800000,0x00000000d8d00000)
 ParOldGen       total 86016K, used 8066K [0x0000000083800000, 0x0000000088c00000, 0x00000000d6800000)
  object space 86016K, 9% used [0x0000000083800000,0x0000000083fe0aa8,0x0000000088c00000)
 Metaspace       used 13540K, capacity 13728K, committed 14080K, reserved 1060864K
  class space    used 1671K, capacity 1738K, committed 1792K, reserved 1048576K
Event: 0.784 GC heap after
Heap after GC invocations=3 (full 0):
 PSYoungGen      total 37888K, used 5105K [0x00000000d6800000, 0x00000000db200000, 0x0000000100000000)
  eden space 32768K, 0% used [0x00000000d6800000,0x00000000d6800000,0x00000000d8800000)
  from space 5120K, 99% used [0x00000000d8800000,0x00000000d8cfc6e0,0x00000000d8d00000)
  to   space 5120K, 0% used [0x00000000dad00000,0x00000000dad00000,0x00000000db200000)
 ParOldGen       total 86016K, used 12972K [0x0000000083800000, 0x0000000088c00000, 0x00000000d6800000)
  object space 86016K, 15% used [0x0000000083800000,0x00000000844ab2a0,0x0000000088c00000)
 Metaspace       used 13540K, capacity 13728K, committed 14080K, reserved 1060864K
  class space    used 1671K, capacity 1738K, committed 1792K, reserved 1048576K
}
Event: 1.063 GC heap before
{Heap before GC invocations=4 (full 0):
 PSYoungGen      total 37888K, used 37873K [0x00000000d6800000, 0x00000000db200000, 0x0000000100000000)
  eden space 32768K, 100% used [0x00000000d6800000,0x00000000d8800000,0x00000000d8800000)
  from space 5120K, 99% used [0x00000000d8800000,0x00000000d8cfc6e0,0x00000000d8d00000)
  to   space 5120K, 0% used [0x00000000dad00000,0x00000000dad00000,0x00000000db200000)
 ParOldGen       total 86016K, used 12972K [0x0000000083800000, 0x0000000088c00000, 0x00000000d6800000)
  object space 86016K, 15% used [0x0000000083800000,0x00000000844ab2a0,0x0000000088c00000)
 Metaspace       used 17476K, capacity 17686K, committed 18048K, reserved 1064960K
  class space    used 2226K, capacity 2323K, committed 2432K, reserved 1048576K
Event: 1.068 GC heap after
Heap after GC invocations=4 (full 0):
 PSYoungGen      total 70656K, used 5101K [0x00000000d6800000, 0x00000000db200000, 0x0000000100000000)
  eden space 65536K, 0% used [0x00000000d6800000,0x00000000d6800000,0x00000000da800000)
  from space 5120K, 99% used [0x00000000dad00000,0x00000000db1fb480,0x00000000db200000)
  to   space 5120K, 0% used [0x00000000da800000,0x00000000da800000,0x00000000dad00000)
 ParOldGen       total 86016K, used 20056K [0x0000000083800000, 0x0000000088c00000, 0x00000000d6800000)
  object space 86016K, 23% used [0x0000000083800000,0x0000000084b96170,0x0000000088c00000)
 Metaspace       used 17476K, capacity 17686K, committed 18048K, reserved 1064960K
  class space    used 2226K, capacity 2323K, committed 2432K, reserved 1048576K
}
Event: 1.540 GC heap before
{Heap before GC invocations=5 (full 0):
 PSYoungGen      total 70656K, used 42805K [0x00000000d6800000, 0x00000000db200000, 0x0000000100000000)
  eden space 65536K, 57% used [0x00000000d6800000,0x00000000d8cd2080,0x00000000da800000)
  from space 5120K, 99% used [0x00000000dad00000,0x00000000db1fb480,0x00000000db200000)
  to   space 5120K, 0% used [0x00000000da800000,0x00000000da800000,0x00000000dad00000)
 ParOldGen       total 86016K, used 20056K [0x0000000083800000, 0x0000000088c00000, 0x00000000d6800000)
  object space 86016K, 23% used [0x0000000083800000,0x0000000084b96170,0x0000000088c00000)
 Metaspace       used 20807K, capacity 21068K, committed 21248K, reserved 1067008K
  class space    used 2639K, capacity 2726K, committed 2816K, reserved 1048576K
Event: 1.547 GC heap after
Heap after GC invocations=5 (full 0):
 PSYoungGen      total 70656K, used 5101K [0x00000000d6800000, 0x00000000e0400000, 0x0000000100000000)
  eden space 65536K, 0% used [0x00000000d6800000,0x00000000d6800000,0x00000000da800000)
  from space 5120K, 99% used [0x00000000da800000,0x00000000dacfb480,0x00000000dad00000)
  to   space 14336K, 0% used [0x00000000df600000,0x00000000df600000,0x00000000e0400000)
 ParOldGen       total 86016K, used 25436K [0x0000000083800000, 0x0000000088c00000, 0x00000000d6800000)
  object space 86016K, 29% used [0x0000000083800000,0x00000000850d72f0,0x0000000088c00000)
 Metaspace       used 20807K, capacity 21068K, committed 21248K, reserved 1067008K
  class space    used 2639K, capacity 2726K, committed 2816K, reserved 1048576K
}
Event: 1.547 GC heap before
{Heap before GC invocations=6 (full 1):
 PSYoungGen      total 70656K, used 5101K [0x00000000d6800000, 0x00000000e0400000, 0x0000000100000000)
  eden space 65536K, 0% used [0x00000000d6800000,0x00000000d6800000,0x00000000da800000)
  from space 5120K, 99% used [0x00000000da800000,0x00000000dacfb480,0x00000000dad00000)
  to   space 14336K, 0% used [0x00000000df600000,0x00000000df600000,0x00000000e0400000)
 ParOldGen       total 86016K, used 25436K [0x0000000083800000, 0x0000000088c00000, 0x00000000d6800000)
  object space 86016K, 29% used [0x0000000083800000,0x00000000850d72f0,0x0000000088c00000)
 Metaspace       used 20807K, capacity 21068K, committed 21248K, reserved 1067008K
  class space    used 2639K, capacity 2726K, committed 2816K, reserved 1048576K
Event: 1.585 GC heap after
Heap after GC invocations=6 (full 1):
 PSYoungGen      total 70656K, used 0K [0x00000000d6800000, 0x00000000e0400000, 0x0000000100000000)
  eden space 65536K, 0% used [0x00000000d6800000,0x00000000d6800000,0x00000000da800000)
  from space 5120K, 0% used [0x00000000da800000,0x00000000da800000,0x00000000dad00000)
  to   space 14336K, 0% used [0x00000000df600000,0x00000000df600000,0x00000000e0400000)
 ParOldGen       total 81408K, used 20506K [0x0000000083800000, 0x0000000088780000, 0x00000000d6800000)
  object space 81408K, 25% used [0x0000000083800000,0x0000000084c06a18,0x0000000088780000)
 Metaspace       used 20807K, capacity 21068K, committed 21248K, reserved 1067008K
  class space    used 2639K, capacity 2726K, committed 2816K, reserved 1048576K
}
Event: 1.629 GC heap before
{Heap before GC invocations=7 (full 1):
 PSYoungGen      total 70656K, used 65536K [0x00000000d6800000, 0x00000000e0400000, 0x0000000100000000)
  eden space 65536K, 100% used [0x00000000d6800000,0x00000000da800000,0x00000000da800000)
  from space 5120K, 0% used [0x00000000da800000,0x00000000da800000,0x00000000dad00000)
  to   space 14336K, 0% used [0x00000000df600000,0x00000000df600000,0x00000000e0400000)
 ParOldGen       total 81408K, used 20506K [0x0000000083800000, 0x0000000088780000, 0x00000000d6800000)
  object space 81408K, 25% used [0x0000000083800000,0x0000000084c06a18,0x0000000088780000)
 Metaspace       used 20832K, capacity 21132K, committed 21504K, reserved 1069056K
  class space    used 2647K, capacity 2726K, committed 2816K, reserved 1048576K
Event: 1.668 GC heap after
Heap after GC invocations=7 (full 1):
 PSYoungGen      total 126464K, used 14334K [0x00000000d6800000, 0x00000000e1c00000, 0x0000000100000000)
  eden space 112128K, 0% used [0x00000000d6800000,0x00000000d6800000,0x00000000dd580000)
  from space 14336K, 99% used [0x00000000df600000,0x00000000e03ff8f8,0x00000000e0400000)
  to   space 33280K, 0% used [0x00000000dd580000,0x00000000dd580000,0x00000000df600000)
 ParOldGen       total 81408K, used 51154K [0x0000000083800000, 0x0000000088780000, 0x00000000d6800000)
  object space 81408K, 62% used [0x0000000083800000,0x00000000869f4a18,0x0000000088780000)
 Metaspace       used 20832K, capacity 21132K, committed 21504K, reserved 1069056K
  class space    used 2647K, capacity 2726K, committed 2816K, reserved 1048576K
}

