# JRE version: OpenJDK Runtime Environment (8.0_382-b05) (build 1.8.0_382-b05)
# Java VM: OpenJDK 64-Bit Server VM (25.382-b05 mixed mode windows-amd64 compressed oops)
Heap:
 PSYoungGen      total 70656K, used 25831K [0x00000000d6800000, 0x00000000e0600000, 0x0000000100000000)
  eden space 65536K, 39% used [0x00000000d6800000,0x00000000d8139c00,0x00000000da800000)
  from space 5120K, 0% used [0x00000000da800000,0x00000000da800000,0x00000000dad00000)
  to   space 15360K, 0% used [0x00000000df700000,0x00000000df700000,0x00000000e0600000)
 ParOldGen       total 82944K, used 20980K [0x0000000083800000, 0x0000000088900000, 0x00000000d6800000)
  object space 82944K, 25% used [0x0000000083800000,0x0000000084c7d380,0x0000000088900000)
 Metaspace       used 22143K, capacity 22448K, committed 22656K, reserved 1069056K
  class space    used 2781K, capacity 2898K, committed 2944K, reserved 1048576K
GC Heap History (10 events):
Event: 0.554 GC heap before
{Heap before GC invocations=2 (full 0):
 PSYoungGen      total 37888K, used 37887K [0x00000000d6800000, 0x00000000d9200000, 0x0000000100000000)
  eden space 32768K, 100% used [0x00000000d6800000,0x00000000d8800000,0x00000000d8800000)
  from space 5120K, 99% used [0x00000000d8800000,0x00000000d8cffee0,0x00000000d8d00000)
  to   space 5120K, 0% used [0x00000000d8d00000,0x00000000d8d00000,0x00000000d9200000)
 ParOldGen       total 86016K, used 676K [0x0000000083800000, 0x0000000088c00000, 0x00000000d6800000)
  object space 86016K, 0% used [0x0000000083800000,0x00000000838a9040,0x0000000088c00000)
 Metaspace       used 10022K, capacity 10256K, committed 10624K, reserved 1058816K
  class space    used 1195K, capacity 1288K, committed 1408K, reserved 1048576K
Event: 0.559 GC heap after
Heap after GC invocations=2 (full 0):
 PSYoungGen      total 37888K, used 5090K [0x00000000d6800000, 0x00000000db200000, 0x0000000100000000)
  eden space 32768K, 0% used [0x00000000d6800000,0x00000000d6800000,0x00000000d8800000)
  from space 5120K, 99% used [0x00000000d8d00000,0x00000000d91f8800,0x00000000d9200000)
  to   space 5120K, 0% used [0x00000000d8800000,0x00000000d8800000,0x00000000d8d00000)
 ParOldGen       total 86016K, used 8115K [0x0000000083800000, 0x0000000088c00000, 0x00000000d6800000)
  object space 86016K, 9% used [0x0000000083800000,0x0000000083fecc18,0x0000000088c00000)
 Metaspace       used 10022K, capacity 10256K, committed 10624K, reserved 1058816K
  class space    used 1195K, capacity 1288K, committed 1408K, reserved 1048576K
}
Event: 0.804 GC heap before
{Heap before GC invocations=3 (full 0):
 PSYoungGen      total 37888K, used 37858K [0x00000000d6800000, 0x00000000db200000, 0x0000000100000000)
  eden space 32768K, 100% used [0x00000000d6800000,0x00000000d8800000,0x00000000d8800000)
  from space 5120K, 99% used [0x00000000d8d00000,0x00000000d91f8800,0x00000000d9200000)
  to   space 5120K, 0% used [0x00000000d8800000,0x00000000d8800000,0x00000000d8d00000)
 ParOldGen       total 86016K, used 8115K [0x0000000083800000, 0x0000000088c00000, 0x00000000d6800000)
  object space 86016K, 9% used [0x0000000083800000,0x0000000083fecc18,0x0000000088c00000)
 Metaspace       used 13536K, capacity 13724K, committed 14080K, reserved 1060864K
  class space    used 1672K, capacity 1738K, committed 1792K, reserved 1048576K
Event: 0.810 GC heap after
Heap after GC invocations=3 (full 0):
 PSYoungGen      total 37888K, used 5091K [0x00000000d6800000, 0x00000000db200000, 0x0000000100000000)
  eden space 32768K, 0% used [0x00000000d6800000,0x00000000d6800000,0x00000000d8800000)
  from space 5120K, 99% used [0x00000000d8800000,0x00000000d8cf8e90,0x00000000d8d00000)
  to   space 5120K, 0% used [0x00000000dad00000,0x00000000dad00000,0x00000000db200000)
 ParOldGen       total 86016K, used 13812K [0x0000000083800000, 0x0000000088c00000, 0x00000000d6800000)
  object space 86016K, 16% used [0x0000000083800000,0x000000008457d2d0,0x0000000088c00000)
 Metaspace       used 13536K, capacity 13724K, committed 14080K, reserved 1060864K
  class space    used 1672K, capacity 1738K, committed 1792K, reserved 1048576K
}
Event: 1.097 GC heap before
{Heap before GC invocations=4 (full 0):
 PSYoungGen      total 37888K, used 37859K [0x00000000d6800000, 0x00000000db200000, 0x0000000100000000)
  eden space 32768K, 100% used [0x00000000d6800000,0x00000000d8800000,0x00000000d8800000)
  from space 5120K, 99% used [0x00000000d8800000,0x00000000d8cf8e90,0x00000000d8d00000)
  to   space 5120K, 0% used [0x00000000dad00000,0x00000000dad00000,0x00000000db200000)
 ParOldGen       total 86016K, used 13812K [0x0000000083800000, 0x0000000088c00000, 0x00000000d6800000)
  object space 86016K, 16% used [0x0000000083800000,0x000000008457d2d0,0x0000000088c00000)
 Metaspace       used 17465K, capacity 17682K, committed 18048K, reserved 1064960K
  class space    used 2226K, capacity 2323K, committed 2432K, reserved 1048576K
Event: 1.102 GC heap after
Heap after GC invocations=4 (full 0):
 PSYoungGen      total 70656K, used 5114K [0x00000000d6800000, 0x00000000db200000, 0x0000000100000000)
  eden space 65536K, 0% used [0x00000000d6800000,0x00000000d6800000,0x00000000da800000)
  from space 5120K, 99% used [0x00000000dad00000,0x00000000db1fe8f0,0x00000000db200000)
  to   space 5120K, 0% used [0x00000000da800000,0x00000000da800000,0x00000000dad00000)
 ParOldGen       total 86016K, used 22092K [0x0000000083800000, 0x0000000088c00000, 0x00000000d6800000)
  object space 86016K, 25% used [0x0000000083800000,0x0000000084d93370,0x0000000088c00000)
 Metaspace       used 17465K, capacity 17682K, committed 18048K, reserved 1064960K
  class space    used 2226K, capacity 2323K, committed 2432K, reserved 1048576K
}
Event: 1.636 GC heap before
{Heap before GC invocations=5 (full 0):
 PSYoungGen      total 70656K, used 44566K [0x00000000d6800000, 0x00000000db200000, 0x0000000100000000)
  eden space 65536K, 60% used [0x00000000d6800000,0x00000000d8e870a8,0x00000000da800000)
  from space 5120K, 99% used [0x00000000dad00000,0x00000000db1fe8f0,0x00000000db200000)
  to   space 5120K, 0% used [0x00000000da800000,0x00000000da800000,0x00000000dad00000)
 ParOldGen       total 86016K, used 22092K [0x0000000083800000, 0x0000000088c00000, 0x00000000d6800000)
  object space 86016K, 25% used [0x0000000083800000,0x0000000084d93370,0x0000000088c00000)
 Metaspace       used 20835K, capacity 21094K, committed 21248K, reserved 1067008K
  class space    used 2641K, capacity 2731K, committed 2816K, reserved 1048576K
Event: 1.644 GC heap after
Heap after GC invocations=5 (full 0):
 PSYoungGen      total 70656K, used 5109K [0x00000000d6800000, 0x00000000e0600000, 0x0000000100000000)
  eden space 65536K, 0% used [0x00000000d6800000,0x00000000d6800000,0x00000000da800000)
  from space 5120K, 99% used [0x00000000da800000,0x00000000dacfd750,0x00000000dad00000)
  to   space 15360K, 0% used [0x00000000df700000,0x00000000df700000,0x00000000e0600000)
 ParOldGen       total 86016K, used 26739K [0x0000000083800000, 0x0000000088c00000, 0x00000000d6800000)
  object space 86016K, 31% used [0x0000000083800000,0x000000008521cf78,0x0000000088c00000)
 Metaspace       used 20835K, capacity 21094K, committed 21248K, reserved 1067008K
  class space    used 2641K, capacity 2731K, committed 2816K, reserved 1048576K
}
Event: 1.644 GC heap before
{Heap before GC invocations=6 (full 1):
 PSYoungGen      total 70656K, used 5109K [0x00000000d6800000, 0x00000000e0600000, 0x0000000100000000)
  eden space 65536K, 0% used [0x00000000d6800000,0x00000000d6800000,0x00000000da800000)
  from space 5120K, 99% used [0x00000000da800000,0x00000000dacfd750,0x00000000dad00000)
  to   space 15360K, 0% used [0x00000000df700000,0x00000000df700000,0x00000000e0600000)
 ParOldGen       total 86016K, used 26739K [0x0000000083800000, 0x0000000088c00000, 0x00000000d6800000)
  object space 86016K, 31% used [0x0000000083800000,0x000000008521cf78,0x0000000088c00000)
 Metaspace       used 20835K, capacity 21094K, committed 21248K, reserved 1067008K
  class space    used 2641K, capacity 2731K, committed 2816K, reserved 1048576K
Event: 1.685 GC heap after
Heap after GC invocations=6 (full 1):
 PSYoungGen      total 70656K, used 0K [0x00000000d6800000, 0x00000000e0600000, 0x0000000100000000)
  eden space 65536K, 0% used [0x00000000d6800000,0x00000000d6800000,0x00000000da800000)
  from space 5120K, 0% used [0x00000000da800000,0x00000000da800000,0x00000000dad00000)
  to   space 15360K, 0% used [0x00000000df700000,0x00000000df700000,0x00000000e0600000)
 ParOldGen       total 82944K, used 20980K [0x0000000083800000, 0x0000000088900000, 0x00000000d6800000)
  object space 82944K, 25% used [0x0000000083800000,0x0000000084c7d380,0x0000000088900000)
 Metaspace       used 20835K, capacity 21094K, committed 21248K, reserved 1067008K
  class space    used 2641K, capacity 2731K, committed 2816K, reserved 1048576K
}

