# JRE version: OpenJDK Runtime Environment (8.0_382-b05) (build 1.8.0_382-b05)
# Java VM: OpenJDK 64-Bit Server VM (25.382-b05 mixed mode windows-amd64 compressed oops)
Heap:
 PSYoungGen      total 70656K, used 24531K [0x00000000d6800000, 0x00000000e0600000, 0x0000000100000000)
  eden space 65536K, 37% used [0x00000000d6800000,0x00000000d7ff4e48,0x00000000da800000)
  from space 5120K, 0% used [0x00000000da800000,0x00000000da800000,0x00000000dad00000)
  to   space 15360K, 0% used [0x00000000df700000,0x00000000df700000,0x00000000e0600000)
 ParOldGen       total 88064K, used 24289K [0x0000000083800000, 0x0000000088e00000, 0x00000000d6800000)
  object space 88064K, 27% used [0x0000000083800000,0x0000000084fb84e0,0x0000000088e00000)
 Metaspace       used 22098K, capacity 22370K, committed 22656K, reserved 1069056K
  class space    used 2770K, capacity 2869K, committed 2944K, reserved 1048576K
GC Heap History (10 events):
Event: 0.554 GC heap before
{Heap before GC invocations=2 (full 0):
 PSYoungGen      total 37888K, used 37877K [0x00000000d6800000, 0x00000000d9200000, 0x0000000100000000)
  eden space 32768K, 100% used [0x00000000d6800000,0x00000000d8800000,0x00000000d8800000)
  from space 5120K, 99% used [0x00000000d8800000,0x00000000d8cfd5e0,0x00000000d8d00000)
  to   space 5120K, 0% used [0x00000000d8d00000,0x00000000d8d00000,0x00000000d9200000)
 ParOldGen       total 86016K, used 670K [0x0000000083800000, 0x0000000088c00000, 0x00000000d6800000)
  object space 86016K, 0% used [0x0000000083800000,0x00000000838a7aa8,0x0000000088c00000)
 Metaspace       used 10014K, capacity 10256K, committed 10624K, reserved 1058816K
  class space    used 1195K, capacity 1288K, committed 1408K, reserved 1048576K
Event: 0.560 GC heap after
Heap after GC invocations=2 (full 0):
 PSYoungGen      total 37888K, used 5106K [0x00000000d6800000, 0x00000000db200000, 0x0000000100000000)
  eden space 32768K, 0% used [0x00000000d6800000,0x00000000d6800000,0x00000000d8800000)
  from space 5120K, 99% used [0x00000000d8d00000,0x00000000d91fc810,0x00000000d9200000)
  to   space 5120K, 0% used [0x00000000d8800000,0x00000000d8800000,0x00000000d8d00000)
 ParOldGen       total 86016K, used 8092K [0x0000000083800000, 0x0000000088c00000, 0x00000000d6800000)
  object space 86016K, 9% used [0x0000000083800000,0x0000000083fe7210,0x0000000088c00000)
 Metaspace       used 10014K, capacity 10256K, committed 10624K, reserved 1058816K
  class space    used 1195K, capacity 1288K, committed 1408K, reserved 1048576K
}
Event: 0.791 GC heap before
{Heap before GC invocations=3 (full 0):
 PSYoungGen      total 37888K, used 37874K [0x00000000d6800000, 0x00000000db200000, 0x0000000100000000)
  eden space 32768K, 100% used [0x00000000d6800000,0x00000000d8800000,0x00000000d8800000)
  from space 5120K, 99% used [0x00000000d8d00000,0x00000000d91fc810,0x00000000d9200000)
  to   space 5120K, 0% used [0x00000000d8800000,0x00000000d8800000,0x00000000d8d00000)
 ParOldGen       total 86016K, used 8092K [0x0000000083800000, 0x0000000088c00000, 0x00000000d6800000)
  object space 86016K, 9% used [0x0000000083800000,0x0000000083fe7210,0x0000000088c00000)
 Metaspace       used 13531K, capacity 13724K, committed 14080K, reserved 1060864K
  class space    used 1672K, capacity 1738K, committed 1792K, reserved 1048576K
Event: 0.795 GC heap after
Heap after GC invocations=3 (full 0):
 PSYoungGen      total 37888K, used 5090K [0x00000000d6800000, 0x00000000db200000, 0x0000000100000000)
  eden space 32768K, 0% used [0x00000000d6800000,0x00000000d6800000,0x00000000d8800000)
  from space 5120K, 99% used [0x00000000d8800000,0x00000000d8cf8ad0,0x00000000d8d00000)
  to   space 5120K, 0% used [0x00000000dad00000,0x00000000dad00000,0x00000000db200000)
 ParOldGen       total 86016K, used 14540K [0x0000000083800000, 0x0000000088c00000, 0x00000000d6800000)
  object space 86016K, 16% used [0x0000000083800000,0x0000000084633370,0x0000000088c00000)
 Metaspace       used 13531K, capacity 13724K, committed 14080K, reserved 1060864K
  class space    used 1672K, capacity 1738K, committed 1792K, reserved 1048576K
}
Event: 1.128 GC heap before
{Heap before GC invocations=4 (full 0):
 PSYoungGen      total 37888K, used 37858K [0x00000000d6800000, 0x00000000db200000, 0x0000000100000000)
  eden space 32768K, 100% used [0x00000000d6800000,0x00000000d8800000,0x00000000d8800000)
  from space 5120K, 99% used [0x00000000d8800000,0x00000000d8cf8ad0,0x00000000d8d00000)
  to   space 5120K, 0% used [0x00000000dad00000,0x00000000dad00000,0x00000000db200000)
 ParOldGen       total 86016K, used 14540K [0x0000000083800000, 0x0000000088c00000, 0x00000000d6800000)
  object space 86016K, 16% used [0x0000000083800000,0x0000000084633370,0x0000000088c00000)
 Metaspace       used 17478K, capacity 17682K, committed 18048K, reserved 1064960K
  class space    used 2227K, capacity 2323K, committed 2432K, reserved 1048576K
Event: 1.133 GC heap after
Heap after GC invocations=4 (full 0):
 PSYoungGen      total 70656K, used 5114K [0x00000000d6800000, 0x00000000db200000, 0x0000000100000000)
  eden space 65536K, 0% used [0x00000000d6800000,0x00000000d6800000,0x00000000da800000)
  from space 5120K, 99% used [0x00000000dad00000,0x00000000db1fe8d0,0x00000000db200000)
  to   space 5120K, 0% used [0x00000000da800000,0x00000000da800000,0x00000000dad00000)
 ParOldGen       total 86016K, used 22210K [0x0000000083800000, 0x0000000088c00000, 0x00000000d6800000)
  object space 86016K, 25% used [0x0000000083800000,0x0000000084db0a60,0x0000000088c00000)
 Metaspace       used 17478K, capacity 17682K, committed 18048K, reserved 1064960K
  class space    used 2227K, capacity 2323K, committed 2432K, reserved 1048576K
}
Event: 1.708 GC heap before
{Heap before GC invocations=5 (full 0):
 PSYoungGen      total 70656K, used 44503K [0x00000000d6800000, 0x00000000db200000, 0x0000000100000000)
  eden space 65536K, 60% used [0x00000000d6800000,0x00000000d8e77500,0x00000000da800000)
  from space 5120K, 99% used [0x00000000dad00000,0x00000000db1fe8d0,0x00000000db200000)
  to   space 5120K, 0% used [0x00000000da800000,0x00000000da800000,0x00000000dad00000)
 ParOldGen       total 86016K, used 22210K [0x0000000083800000, 0x0000000088c00000, 0x00000000d6800000)
  object space 86016K, 25% used [0x0000000083800000,0x0000000084db0a60,0x0000000088c00000)
 Metaspace       used 20834K, capacity 21118K, committed 21248K, reserved 1067008K
  class space    used 2644K, capacity 2735K, committed 2816K, reserved 1048576K
Event: 1.716 GC heap after
Heap after GC invocations=5 (full 0):
 PSYoungGen      total 70656K, used 5116K [0x00000000d6800000, 0x00000000e0600000, 0x0000000100000000)
  eden space 65536K, 0% used [0x00000000d6800000,0x00000000d6800000,0x00000000da800000)
  from space 5120K, 99% used [0x00000000da800000,0x00000000dacff0a0,0x00000000dad00000)
  to   space 15360K, 0% used [0x00000000df700000,0x00000000df700000,0x00000000e0600000)
 ParOldGen       total 86016K, used 27034K [0x0000000083800000, 0x0000000088c00000, 0x00000000d6800000)
  object space 86016K, 31% used [0x0000000083800000,0x0000000085266ad8,0x0000000088c00000)
 Metaspace       used 20834K, capacity 21118K, committed 21248K, reserved 1067008K
  class space    used 2644K, capacity 2735K, committed 2816K, reserved 1048576K
}
Event: 1.716 GC heap before
{Heap before GC invocations=6 (full 1):
 PSYoungGen      total 70656K, used 5116K [0x00000000d6800000, 0x00000000e0600000, 0x0000000100000000)
  eden space 65536K, 0% used [0x00000000d6800000,0x00000000d6800000,0x00000000da800000)
  from space 5120K, 99% used [0x00000000da800000,0x00000000dacff0a0,0x00000000dad00000)
  to   space 15360K, 0% used [0x00000000df700000,0x00000000df700000,0x00000000e0600000)
 ParOldGen       total 86016K, used 27034K [0x0000000083800000, 0x0000000088c00000, 0x00000000d6800000)
  object space 86016K, 31% used [0x0000000083800000,0x0000000085266ad8,0x0000000088c00000)
 Metaspace       used 20834K, capacity 21118K, committed 21248K, reserved 1067008K
  class space    used 2644K, capacity 2735K, committed 2816K, reserved 1048576K
Event: 1.769 GC heap after
Heap after GC invocations=6 (full 1):
 PSYoungGen      total 70656K, used 0K [0x00000000d6800000, 0x00000000e0600000, 0x0000000100000000)
  eden space 65536K, 0% used [0x00000000d6800000,0x00000000d6800000,0x00000000da800000)
  from space 5120K, 0% used [0x00000000da800000,0x00000000da800000,0x00000000dad00000)
  to   space 15360K, 0% used [0x00000000df700000,0x00000000df700000,0x00000000e0600000)
 ParOldGen       total 88064K, used 24289K [0x0000000083800000, 0x0000000088e00000, 0x00000000d6800000)
  object space 88064K, 27% used [0x0000000083800000,0x0000000084fb84e0,0x0000000088e00000)
 Metaspace       used 20834K, capacity 21118K, committed 21248K, reserved 1067008K
  class space    used 2644K, capacity 2735K, committed 2816K, reserved 1048576K
}

